# JRE version: Java(TM) SE Runtime Environment (8.0_144-b01) (build 1.8.0_144-b01)
# Java VM: Java HotSpot(TM) 64-Bit Server VM (25.144-b01 mixed mode windows-amd64 compressed oops)
Heap:
 PSYoungGen      total 250880K, used 5384K [0x00000000ead80000, 0x0000000100000000, 0x0000000100000000)
  eden space 221184K, 2% used [0x00000000ead80000,0x00000000eb2c2120,0x00000000f8580000)
  from space 29696K, 0% used [0x00000000f8580000,0x00000000f8580000,0x00000000fa280000)
  to   space 56320K, 0% used [0x00000000fc900000,0x00000000fc900000,0x0000000100000000)
 ParOldGen       total 148992K, used 87078K [0x00000000c0800000, 0x00000000c9980000, 0x00000000ead80000)
  object space 148992K, 58% used [0x00000000c0800000,0x00000000c5d09858,0x00000000c9980000)
 Metaspace       used 34523K, capacity 35242K, committed 35456K, reserved 1081344K
  class space    used 4230K, capacity 4429K, committed 4480K, reserved 1048576K
GC Heap History (10 events):
Event: 21.158 GC heap before
{Heap before GC invocations=8 (full 1):
 PSYoungGen      total 139264K, used 131072K [0x00000000ead80000, 0x00000000f3e80000, 0x0000000100000000)
  eden space 131072K, 100% used [0x00000000ead80000,0x00000000f2d80000,0x00000000f2d80000)
  from space 8192K, 0% used [0x00000000f3680000,0x00000000f3680000,0x00000000f3e80000)
  to   space 8704K, 0% used [0x00000000f2d80000,0x00000000f2d80000,0x00000000f3600000)
 ParOldGen       total 35840K, used 10401K [0x00000000c0800000, 0x00000000c2b00000, 0x00000000ead80000)
  object space 35840K, 29% used [0x00000000c0800000,0x00000000c12284f8,0x00000000c2b00000)
 Metaspace       used 24006K, capacity 24484K, committed 24576K, reserved 1071104K
  class space    used 2892K, capacity 3066K, committed 3072K, reserved 1048576K
Event: 21.184 GC heap after
Heap after GC invocations=8 (full 1):
 PSYoungGen      total 139776K, used 8680K [0x00000000ead80000, 0x00000000fb180000, 0x0000000100000000)
  eden space 131072K, 0% used [0x00000000ead80000,0x00000000ead80000,0x00000000f2d80000)
  from space 8704K, 99% used [0x00000000f2d80000,0x00000000f35fa058,0x00000000f3600000)
  to   space 15360K, 0% used [0x00000000fa280000,0x00000000fa280000,0x00000000fb180000)
 ParOldGen       total 35840K, used 20334K [0x00000000c0800000, 0x00000000c2b00000, 0x00000000ead80000)
  object space 35840K, 56% used [0x00000000c0800000,0x00000000c1bdbb10,0x00000000c2b00000)
 Metaspace       used 24006K, capacity 24484K, committed 24576K, reserved 1071104K
  class space    used 2892K, capacity 3066K, committed 3072K, reserved 1048576K
}
Event: 21.343 GC heap before
{Heap before GC invocations=9 (full 1):
 PSYoungGen      total 139776K, used 139752K [0x00000000ead80000, 0x00000000fb180000, 0x0000000100000000)
  eden space 131072K, 100% used [0x00000000ead80000,0x00000000f2d80000,0x00000000f2d80000)
  from space 8704K, 99% used [0x00000000f2d80000,0x00000000f35fa058,0x00000000f3600000)
  to   space 15360K, 0% used [0x00000000fa280000,0x00000000fa280000,0x00000000fb180000)
 ParOldGen       total 35840K, used 20334K [0x00000000c0800000, 0x00000000c2b00000, 0x00000000ead80000)
  object space 35840K, 56% used [0x00000000c0800000,0x00000000c1bdbb10,0x00000000c2b00000)
 Metaspace       used 24007K, capacity 24484K, committed 24576K, reserved 1071104K
  class space    used 2892K, capacity 3066K, committed 3072K, reserved 1048576K
Event: 21.414 GC heap after
Heap after GC invocations=9 (full 1):
 PSYoungGen      total 236544K, used 15336K [0x00000000ead80000, 0x00000000fe080000, 0x0000000100000000)
  eden space 221184K, 0% used [0x00000000ead80000,0x00000000ead80000,0x00000000f8580000)
  from space 15360K, 99% used [0x00000000fa280000,0x00000000fb17a148,0x00000000fb180000)
  to   space 29696K, 0% used [0x00000000f8580000,0x00000000f8580000,0x00000000fa280000)
 ParOldGen       total 47616K, used 47270K [0x00000000c0800000, 0x00000000c3680000, 0x00000000ead80000)
  object space 47616K, 99% used [0x00000000c0800000,0x00000000c3629850,0x00000000c3680000)
 Metaspace       used 24007K, capacity 24484K, committed 24576K, reserved 1071104K
  class space    used 2892K, capacity 3066K, committed 3072K, reserved 1048576K
}
Event: 21.414 GC heap before
{Heap before GC invocations=10 (full 2):
 PSYoungGen      total 236544K, used 15336K [0x00000000ead80000, 0x00000000fe080000, 0x0000000100000000)
  eden space 221184K, 0% used [0x00000000ead80000,0x00000000ead80000,0x00000000f8580000)
  from space 15360K, 99% used [0x00000000fa280000,0x00000000fb17a148,0x00000000fb180000)
  to   space 29696K, 0% used [0x00000000f8580000,0x00000000f8580000,0x00000000fa280000)
 ParOldGen       total 47616K, used 47270K [0x00000000c0800000, 0x00000000c3680000, 0x00000000ead80000)
  object space 47616K, 99% used [0x00000000c0800000,0x00000000c3629850,0x00000000c3680000)
 Metaspace       used 24007K, capacity 24484K, committed 24576K, reserved 1071104K
  class space    used 2892K, capacity 3066K, committed 3072K, reserved 1048576K
Event: 21.531 GC heap after
Heap after GC invocations=10 (full 2):
 PSYoungGen      total 236544K, used 0K [0x00000000ead80000, 0x00000000fe080000, 0x0000000100000000)
  eden space 221184K, 0% used [0x00000000ead80000,0x00000000ead80000,0x00000000f8580000)
  from space 15360K, 0% used [0x00000000fa280000,0x00000000fa280000,0x00000000fb180000)
  to   space 29696K, 0% used [0x00000000f8580000,0x00000000f8580000,0x00000000fa280000)
 ParOldGen       total 88064K, used 46740K [0x00000000c0800000, 0x00000000c5e00000, 0x00000000ead80000)
  object space 88064K, 53% used [0x00000000c0800000,0x00000000c35a51a8,0x00000000c5e00000)
 Metaspace       used 24007K, capacity 24484K, committed 24576K, reserved 1071104K
  class space    used 2892K, capacity 3066K, committed 3072K, reserved 1048576K
}
Event: 29.623 GC heap before
{Heap before GC invocations=11 (full 2):
 PSYoungGen      total 236544K, used 221184K [0x00000000ead80000, 0x00000000fe080000, 0x0000000100000000)
  eden space 221184K, 100% used [0x00000000ead80000,0x00000000f8580000,0x00000000f8580000)
  from space 15360K, 0% used [0x00000000fa280000,0x00000000fa280000,0x00000000fb180000)
  to   space 29696K, 0% used [0x00000000f8580000,0x00000000f8580000,0x00000000fa280000)
 ParOldGen       total 88064K, used 46740K [0x00000000c0800000, 0x00000000c5e00000, 0x00000000ead80000)
  object space 88064K, 53% used [0x00000000c0800000,0x00000000c35a51a8,0x00000000c5e00000)
 Metaspace       used 33924K, capacity 34654K, committed 34944K, reserved 1079296K
  class space    used 4165K, capacity 4363K, committed 4480K, reserved 1048576K
Event: 29.729 GC heap after
Heap after GC invocations=11 (full 2):
 PSYoungGen      total 250880K, used 29667K [0x00000000ead80000, 0x0000000100000000, 0x0000000100000000)
  eden space 221184K, 0% used [0x00000000ead80000,0x00000000ead80000,0x00000000f8580000)
  from space 29696K, 99% used [0x00000000f8580000,0x00000000fa278e40,0x00000000fa280000)
  to   space 56320K, 0% used [0x00000000fc900000,0x00000000fc900000,0x0000000100000000)
 ParOldGen       total 99328K, used 99210K [0x00000000c0800000, 0x00000000c6900000, 0x00000000ead80000)
  object space 99328K, 99% used [0x00000000c0800000,0x00000000c68e2bf0,0x00000000c6900000)
 Metaspace       used 33924K, capacity 34654K, committed 34944K, reserved 1079296K
  class space    used 4165K, capacity 4363K, committed 4480K, reserved 1048576K
}
Event: 29.729 GC heap before
{Heap before GC invocations=12 (full 3):
 PSYoungGen      total 250880K, used 29667K [0x00000000ead80000, 0x0000000100000000, 0x0000000100000000)
  eden space 221184K, 0% used [0x00000000ead80000,0x00000000ead80000,0x00000000f8580000)
  from space 29696K, 99% used [0x00000000f8580000,0x00000000fa278e40,0x00000000fa280000)
  to   space 56320K, 0% used [0x00000000fc900000,0x00000000fc900000,0x0000000100000000)
 ParOldGen       total 99328K, used 99210K [0x00000000c0800000, 0x00000000c6900000, 0x00000000ead80000)
  object space 99328K, 99% used [0x00000000c0800000,0x00000000c68e2bf0,0x00000000c6900000)
 Metaspace       used 33924K, capacity 34654K, committed 34944K, reserved 1079296K
  class space    used 4165K, capacity 4363K, committed 4480K, reserved 1048576K
Event: 29.939 GC heap after
Heap after GC invocations=12 (full 3):
 PSYoungGen      total 250880K, used 0K [0x00000000ead80000, 0x0000000100000000, 0x0000000100000000)
  eden space 221184K, 0% used [0x00000000ead80000,0x00000000ead80000,0x00000000f8580000)
  from space 29696K, 0% used [0x00000000f8580000,0x00000000f8580000,0x00000000fa280000)
  to   space 56320K, 0% used [0x00000000fc900000,0x00000000fc900000,0x0000000100000000)
 ParOldGen       total 148992K, used 87078K [0x00000000c0800000, 0x00000000c9980000, 0x00000000ead80000)
  object space 148992K, 58% used [0x00000000c0800000,0x00000000c5d09858,0x00000000c9980000)
 Metaspace       used 33924K, capacity 34654K, committed 34944K, reserved 1079296K
  class space    used 4165K, capacity 4363K, committed 4480K, reserved 1048576K
}

